04/06/22, 13:44:08 - DEBUG http://paddlepaddle.org.cn:80 "GET /paddlehub/search?word=senta_cnn&hub_version=2.2.0&paddle_version=2.2.1&extra=%7B%22command%22%3A+%22update_cache%22%2C+%22mtime%22%3A+%222022-04-06+13%3A44%3A08%22%2C+%22hub_name%22%3A+%22b494a82e560c16503c4fad24768c666d-1640746018%22%7D HTTP/1.1" 301 184
04/06/22, 13:44:08 - DEBUG Starting new HTTPS connection (1): paddlepaddle.org.cn:443
04/06/22, 13:44:10 - DEBUG https://paddlepaddle.org.cn:443 "GET /paddlehub/search?word=senta_cnn&hub_version=2.2.0&paddle_version=2.2.1&extra=%7B%22command%22%3A+%22update_cache%22%2C+%22mtime%22%3A+%222022-04-06+13%3A44%3A08%22%2C+%22hub_name%22%3A+%22b494a82e560c16503c4fad24768c666d-1640746018%22%7D HTTP/1.1" 301 169
04/06/22, 13:44:10 - DEBUG Starting new HTTPS connection (1): www.paddlepaddle.org.cn:443
04/06/22, 13:58:33 - DEBUG Attempting to acquire lock 1334188339040 on C:\Users\wujie\.paddlehub\tmp\lac
04/06/22, 13:58:33 - DEBUG Lock 1334188339040 acquired on C:\Users\wujie\.paddlehub\tmp\lac
04/06/22, 13:58:33 - DEBUG Starting new HTTP connection (1): paddlepaddle.org.cn:80
04/06/22, 13:58:34 - DEBUG http://paddlepaddle.org.cn:80 "GET /paddlehub/search?word=senta_cnn&hub_version=2.2.0&paddle_version=2.2.1&extra=%7B%22command%22%3A+%22update_cache%22%2C+%22mtime%22%3A+%222022-04-06+13%3A58%3A32%22%2C+%22hub_name%22%3A+%22b494a82e560c16503c4fad24768c666d-1640746018%22%7D HTTP/1.1" 301 184
04/06/22, 13:58:34 - DEBUG Starting new HTTPS connection (1): paddlepaddle.org.cn:443
04/06/22, 13:58:34 - DEBUG http://paddlepaddle.org.cn:80 "GET /paddlehub/search?environments=python_version&environments=platform_version&environments=platform_system&environments=platform_architecture&environments=platform_type&word=lac&type=module&hub_version=2.2.0&paddle_version=2.2.1 HTTP/1.1" 301 184
04/06/22, 13:58:34 - DEBUG Starting new HTTPS connection (1): paddlepaddle.org.cn:443
04/06/22, 13:58:34 - DEBUG https://paddlepaddle.org.cn:443 "GET /paddlehub/search?environments=python_version&environments=platform_version&environments=platform_system&environments=platform_architecture&environments=platform_type&word=lac&type=module&hub_version=2.2.0&paddle_version=2.2.1 HTTP/1.1" 301 169
04/06/22, 13:58:34 - DEBUG Starting new HTTPS connection (1): www.paddlepaddle.org.cn:443
04/06/22, 13:58:34 - DEBUG https://paddlepaddle.org.cn:443 "GET /paddlehub/search?word=senta_cnn&hub_version=2.2.0&paddle_version=2.2.1&extra=%7B%22command%22%3A+%22update_cache%22%2C+%22mtime%22%3A+%222022-04-06+13%3A58%3A32%22%2C+%22hub_name%22%3A+%22b494a82e560c16503c4fad24768c666d-1640746018%22%7D HTTP/1.1" 301 169
04/06/22, 13:58:34 - DEBUG Starting new HTTPS connection (1): www.paddlepaddle.org.cn:443
04/06/22, 13:58:35 - DEBUG https://www.paddlepaddle.org.cn:443 "GET /paddlehub/search?environments=python_version&environments=platform_version&environments=platform_system&environments=platform_architecture&environments=platform_type&word=lac&type=module&hub_version=2.2.0&paddle_version=2.2.1 HTTP/1.1" 200 11936
04/06/22, 13:58:35 - DEBUG Starting new HTTPS connection (1): bj.bcebos.com:443
04/06/22, 13:58:36 - DEBUG https://bj.bcebos.com:443 "GET /paddlehub/paddlehub_dev/lac_2.2.0.tar.gz HTTP/1.1" 200 21615002
04/06/22, 13:58:47 - DEBUG Attempting to release lock 1334188339040 on C:\Users\wujie\.paddlehub\tmp\lac
04/06/22, 13:58:47 - DEBUG Lock 1334188339040 released on C:\Users\wujie\.paddlehub\tmp\lac
04/06/22, 13:58:47 - DEBUG Starting new HTTP connection (1): paddlepaddle.org.cn:80
04/06/22, 13:58:48 - DEBUG http://paddlepaddle.org.cn:80 "GET /paddlehub/search?word=lac&hub_version=2.2.0&paddle_version=2.2.1&extra=%7B%22command%22%3A+%22update_cache%22%2C+%22mtime%22%3A+%222022-04-06+13%3A58%3A47%22%2C+%22hub_name%22%3A+%22b494a82e560c16503c4fad24768c666d-1640746018%22%7D HTTP/1.1" 301 184
04/06/22, 13:58:48 - DEBUG Starting new HTTPS connection (1): paddlepaddle.org.cn:443
04/06/22, 14:00:56 - DEBUG Starting new HTTP connection (1): paddlepaddle.org.cn:80
04/06/22, 14:00:56 - DEBUG http://paddlepaddle.org.cn:80 "GET /paddlehub/search?word=senta_cnn&hub_version=2.2.0&paddle_version=2.2.1&extra=%7B%22command%22%3A+%22update_cache%22%2C+%22mtime%22%3A+%222022-04-06+14%3A00%3A55%22%2C+%22hub_name%22%3A+%22b494a82e560c16503c4fad24768c666d-1640746018%22%7D HTTP/1.1" 301 184
04/06/22, 14:00:56 - DEBUG Starting new HTTPS connection (1): paddlepaddle.org.cn:443
04/06/22, 14:00:56 - DEBUG http://paddlepaddle.org.cn:80 "GET /paddlehub/search?word=lac&hub_version=2.2.0&paddle_version=2.2.1&extra=%7B%22command%22%3A+%22update_cache%22%2C+%22mtime%22%3A+%222022-04-06+14%3A00%3A55%22%2C+%22hub_name%22%3A+%22b494a82e560c16503c4fad24768c666d-1640746018%22%7D HTTP/1.1" 301 184
04/06/22, 14:00:56 - DEBUG Starting new HTTPS connection (1): paddlepaddle.org.cn:443
04/06/22, 14:00:57 - DEBUG https://paddlepaddle.org.cn:443 "GET /paddlehub/search?word=lac&hub_version=2.2.0&paddle_version=2.2.1&extra=%7B%22command%22%3A+%22update_cache%22%2C+%22mtime%22%3A+%222022-04-06+14%3A00%3A55%22%2C+%22hub_name%22%3A+%22b494a82e560c16503c4fad24768c666d-1640746018%22%7D HTTP/1.1" 301 169
04/06/22, 14:00:57 - DEBUG Starting new HTTPS connection (1): www.paddlepaddle.org.cn:443
04/06/22, 14:00:57 - DEBUG https://paddlepaddle.org.cn:443 "GET /paddlehub/search?word=senta_cnn&hub_version=2.2.0&paddle_version=2.2.1&extra=%7B%22command%22%3A+%22update_cache%22%2C+%22mtime%22%3A+%222022-04-06+14%3A00%3A55%22%2C+%22hub_name%22%3A+%22b494a82e560c16503c4fad24768c666d-1640746018%22%7D HTTP/1.1" 301 169
04/06/22, 14:00:57 - DEBUG Starting new HTTPS connection (1): www.paddlepaddle.org.cn:443
04/06/22, 14:00:58 - DEBUG https://www.paddlepaddle.org.cn:443 "GET /paddlehub/search?word=senta_cnn&hub_version=2.2.0&paddle_version=2.2.1&extra=%7B%22command%22%3A+%22update_cache%22%2C+%22mtime%22%3A+%222022-04-06+14%3A00%3A55%22%2C+%22hub_name%22%3A+%22b494a82e560c16503c4fad24768c666d-1640746018%22%7D HTTP/1.1" 200 8283
04/06/22, 14:03:18 - DEBUG Starting new HTTP connection (1): paddlepaddle.org.cn:80
04/06/22, 14:03:18 - DEBUG http://paddlepaddle.org.cn:80 "GET /paddlehub/search?word=lac&hub_version=2.2.0&paddle_version=2.2.1&extra=%7B%22command%22%3A+%22update_cache%22%2C+%22mtime%22%3A+%222022-04-06+14%3A03%3A18%22%2C+%22hub_name%22%3A+%22b494a82e560c16503c4fad24768c666d-1640746018%22%7D HTTP/1.1" 301 184
04/06/22, 14:03:18 - DEBUG Starting new HTTPS connection (1): paddlepaddle.org.cn:443
04/06/22, 14:03:18 - DEBUG http://paddlepaddle.org.cn:80 "GET /paddlehub/search?word=senta_cnn&hub_version=2.2.0&paddle_version=2.2.1&extra=%7B%22command%22%3A+%22update_cache%22%2C+%22mtime%22%3A+%222022-04-06+14%3A03%3A17%22%2C+%22hub_name%22%3A+%22b494a82e560c16503c4fad24768c666d-1640746018%22%7D HTTP/1.1" 301 184
04/06/22, 14:03:18 - DEBUG Starting new HTTPS connection (1): paddlepaddle.org.cn:443
04/06/22, 14:03:19 - DEBUG https://paddlepaddle.org.cn:443 "GET /paddlehub/search?word=lac&hub_version=2.2.0&paddle_version=2.2.1&extra=%7B%22command%22%3A+%22update_cache%22%2C+%22mtime%22%3A+%222022-04-06+14%3A03%3A18%22%2C+%22hub_name%22%3A+%22b494a82e560c16503c4fad24768c666d-1640746018%22%7D HTTP/1.1" 301 169
04/06/22, 14:03:19 - DEBUG Starting new HTTPS connection (1): www.paddlepaddle.org.cn:443
04/06/22, 14:03:19 - DEBUG https://paddlepaddle.org.cn:443 "GET /paddlehub/search?word=senta_cnn&hub_version=2.2.0&paddle_version=2.2.1&extra=%7B%22command%22%3A+%22update_cache%22%2C+%22mtime%22%3A+%222022-04-06+14%3A03%3A17%22%2C+%22hub_name%22%3A+%22b494a82e560c16503c4fad24768c666d-1640746018%22%7D HTTP/1.1" 301 169
04/06/22, 14:03:19 - DEBUG Starting new HTTPS connection (1): www.paddlepaddle.org.cn:443
04/06/22, 14:03:20 - DEBUG https://www.paddlepaddle.org.cn:443 "GET /paddlehub/search?word=lac&hub_version=2.2.0&paddle_version=2.2.1&extra=%7B%22command%22%3A+%22update_cache%22%2C+%22mtime%22%3A+%222022-04-06+14%3A03%3A18%22%2C+%22hub_name%22%3A+%22b494a82e560c16503c4fad24768c666d-1640746018%22%7D HTTP/1.1" 200 11936
04/06/22, 14:03:20 - DEBUG https://www.paddlepaddle.org.cn:443 "GET /paddlehub/search?word=senta_cnn&hub_version=2.2.0&paddle_version=2.2.1&extra=%7B%22command%22%3A+%22update_cache%22%2C+%22mtime%22%3A+%222022-04-06+14%3A03%3A17%22%2C+%22hub_name%22%3A+%22b494a82e560c16503c4fad24768c666d-1640746018%22%7D HTTP/1.1" 200 8283
04/06/22, 14:03:43 - DEBUG http://paddlepaddle.org.cn:80 "GET /paddlehub/search?word=senta_cnn&hub_version=2.2.0&paddle_version=2.2.1&extra=%7B%22command%22%3A+%22update_cache%22%2C+%22mtime%22%3A+%222022-04-06+14%3A03%3A43%22%2C+%22hub_name%22%3A+%22b494a82e560c16503c4fad24768c666d-1640746018%22%7D HTTP/1.1" 301 184
04/06/22, 14:03:43 - DEBUG Starting new HTTPS connection (1): paddlepaddle.org.cn:443
04/06/22, 14:03:44 - DEBUG Starting new HTTP connection (1): paddlepaddle.org.cn:80
04/06/22, 14:03:44 - DEBUG https://paddlepaddle.org.cn:443 "GET /paddlehub/search?word=senta_cnn&hub_version=2.2.0&paddle_version=2.2.1&extra=%7B%22command%22%3A+%22update_cache%22%2C+%22mtime%22%3A+%222022-04-06+14%3A03%3A43%22%2C+%22hub_name%22%3A+%22b494a82e560c16503c4fad24768c666d-1640746018%22%7D HTTP/1.1" 301 169
04/06/22, 14:03:44 - DEBUG http://paddlepaddle.org.cn:80 "GET /paddlehub/search?word=lac&hub_version=2.2.0&paddle_version=2.2.1&extra=%7B%22command%22%3A+%22update_cache%22%2C+%22mtime%22%3A+%222022-04-06+14%3A03%3A44%22%2C+%22hub_name%22%3A+%22b494a82e560c16503c4fad24768c666d-1640746018%22%7D HTTP/1.1" 301 184
04/06/22, 14:03:44 - DEBUG Starting new HTTPS connection (1): paddlepaddle.org.cn:443
04/06/22, 14:03:44 - DEBUG Starting new HTTPS connection (1): www.paddlepaddle.org.cn:443
04/06/22, 14:03:45 - DEBUG https://paddlepaddle.org.cn:443 "GET /paddlehub/search?word=lac&hub_version=2.2.0&paddle_version=2.2.1&extra=%7B%22command%22%3A+%22update_cache%22%2C+%22mtime%22%3A+%222022-04-06+14%3A03%3A44%22%2C+%22hub_name%22%3A+%22b494a82e560c16503c4fad24768c666d-1640746018%22%7D HTTP/1.1" 301 169
04/06/22, 14:03:45 - DEBUG Starting new HTTPS connection (1): www.paddlepaddle.org.cn:443
04/06/22, 14:03:45 - DEBUG https://www.paddlepaddle.org.cn:443 "GET /paddlehub/search?word=senta_cnn&hub_version=2.2.0&paddle_version=2.2.1&extra=%7B%22command%22%3A+%22update_cache%22%2C+%22mtime%22%3A+%222022-04-06+14%3A03%3A43%22%2C+%22hub_name%22%3A+%22b494a82e560c16503c4fad24768c666d-1640746018%22%7D HTTP/1.1" 200 8283
04/06/22, 14:03:46 - DEBUG https://www.paddlepaddle.org.cn:443 "GET /paddlehub/search?word=lac&hub_version=2.2.0&paddle_version=2.2.1&extra=%7B%22command%22%3A+%22update_cache%22%2C+%22mtime%22%3A+%222022-04-06+14%3A03%3A44%22%2C+%22hub_name%22%3A+%22b494a82e560c16503c4fad24768c666d-1640746018%22%7D HTTP/1.1" 200 11936
04/06/22, 14:08:30 - DEBUG http://paddlepaddle.org.cn:80 "GET /paddlehub/search?word=senta_cnn&hub_version=2.2.0&paddle_version=2.2.1&extra=%7B%22command%22%3A+%22update_cache%22%2C+%22mtime%22%3A+%222022-04-06+14%3A08%3A29%22%2C+%22hub_name%22%3A+%22b494a82e560c16503c4fad24768c666d-1640746018%22%7D HTTP/1.1" 301 184
04/06/22, 14:08:30 - DEBUG Starting new HTTPS connection (1): paddlepaddle.org.cn:443
04/06/22, 14:08:31 - DEBUG https://paddlepaddle.org.cn:443 "GET /paddlehub/search?word=senta_cnn&hub_version=2.2.0&paddle_version=2.2.1&extra=%7B%22command%22%3A+%22update_cache%22%2C+%22mtime%22%3A+%222022-04-06+14%3A08%3A29%22%2C+%22hub_name%22%3A+%22b494a82e560c16503c4fad24768c666d-1640746018%22%7D HTTP/1.1" 301 169
04/06/22, 14:08:31 - DEBUG Starting new HTTPS connection (1): www.paddlepaddle.org.cn:443
04/06/22, 14:08:32 - DEBUG https://www.paddlepaddle.org.cn:443 "GET /paddlehub/search?word=senta_cnn&hub_version=2.2.0&paddle_version=2.2.1&extra=%7B%22command%22%3A+%22update_cache%22%2C+%22mtime%22%3A+%222022-04-06+14%3A08%3A29%22%2C+%22hub_name%22%3A+%22b494a82e560c16503c4fad24768c666d-1640746018%22%7D HTTP/1.1" 200 8283
04/06/22, 14:08:32 - DEBUG Starting new HTTP connection (1): paddlepaddle.org.cn:80
04/06/22, 14:10:25 - DEBUG http://paddlepaddle.org.cn:80 "GET /paddlehub/search?word=senta_cnn&hub_version=2.2.0&paddle_version=2.2.1&extra=%7B%22command%22%3A+%22update_cache%22%2C+%22mtime%22%3A+%222022-04-06+14%3A10%3A25%22%2C+%22hub_name%22%3A+%22b494a82e560c16503c4fad24768c666d-1640746018%22%7D HTTP/1.1" 301 184
04/06/22, 14:10:25 - DEBUG Starting new HTTPS connection (1): paddlepaddle.org.cn:443
04/06/22, 14:10:27 - DEBUG Starting new HTTP connection (1): paddlepaddle.org.cn:80
04/06/22, 14:10:28 - DEBUG http://paddlepaddle.org.cn:80 "GET /paddlehub/search?word=lac&hub_version=2.2.0&paddle_version=2.2.1&extra=%7B%22command%22%3A+%22update_cache%22%2C+%22mtime%22%3A+%222022-04-06+14%3A10%3A27%22%2C+%22hub_name%22%3A+%22b494a82e560c16503c4fad24768c666d-1640746018%22%7D HTTP/1.1" 301 184
04/06/22, 14:10:28 - DEBUG Starting new HTTPS connection (1): paddlepaddle.org.cn:443
04/06/22, 14:18:23 - DEBUG http://paddlepaddle.org.cn:80 "GET /paddlehub/search?word=senta_cnn&hub_version=2.2.0&paddle_version=2.2.1&extra=%7B%22command%22%3A+%22update_cache%22%2C+%22mtime%22%3A+%222022-04-06+14%3A18%3A22%22%2C+%22hub_name%22%3A+%22b494a82e560c16503c4fad24768c666d-1640746018%22%7D HTTP/1.1" 301 184
04/06/22, 14:18:23 - DEBUG Starting new HTTPS connection (1): paddlepaddle.org.cn:443
04/06/22, 14:18:24 - DEBUG https://paddlepaddle.org.cn:443 "GET /paddlehub/search?word=senta_cnn&hub_version=2.2.0&paddle_version=2.2.1&extra=%7B%22command%22%3A+%22update_cache%22%2C+%22mtime%22%3A+%222022-04-06+14%3A18%3A22%22%2C+%22hub_name%22%3A+%22b494a82e560c16503c4fad24768c666d-1640746018%22%7D HTTP/1.1" 301 169
04/06/22, 14:18:24 - DEBUG Starting new HTTPS connection (1): www.paddlepaddle.org.cn:443
04/06/22, 14:18:25 - DEBUG https://www.paddlepaddle.org.cn:443 "GET /paddlehub/search?word=senta_cnn&hub_version=2.2.0&paddle_version=2.2.1&extra=%7B%22command%22%3A+%22update_cache%22%2C+%22mtime%22%3A+%222022-04-06+14%3A18%3A22%22%2C+%22hub_name%22%3A+%22b494a82e560c16503c4fad24768c666d-1640746018%22%7D HTTP/1.1" 200 8283
04/06/22, 14:18:34 - DEBUG Starting new HTTP connection (1): paddlepaddle.org.cn:80
04/06/22, 14:18:35 - DEBUG http://paddlepaddle.org.cn:80 "GET /paddlehub/search?word=lac&hub_version=2.2.0&paddle_version=2.2.1&extra=%7B%22command%22%3A+%22update_cache%22%2C+%22mtime%22%3A+%222022-04-06+14%3A18%3A34%22%2C+%22hub_name%22%3A+%22b494a82e560c16503c4fad24768c666d-1640746018%22%7D HTTP/1.1" 301 184
04/06/22, 14:18:35 - DEBUG Starting new HTTPS connection (1): paddlepaddle.org.cn:443
04/06/22, 14:18:36 - DEBUG https://paddlepaddle.org.cn:443 "GET /paddlehub/search?word=lac&hub_version=2.2.0&paddle_version=2.2.1&extra=%7B%22command%22%3A+%22update_cache%22%2C+%22mtime%22%3A+%222022-04-06+14%3A18%3A34%22%2C+%22hub_name%22%3A+%22b494a82e560c16503c4fad24768c666d-1640746018%22%7D HTTP/1.1" 301 169
04/06/22, 14:18:36 - DEBUG Starting new HTTPS connection (1): www.paddlepaddle.org.cn:443
04/06/22, 14:18:37 - DEBUG https://www.paddlepaddle.org.cn:443 "GET /paddlehub/search?word=lac&hub_version=2.2.0&paddle_version=2.2.1&extra=%7B%22command%22%3A+%22update_cache%22%2C+%22mtime%22%3A+%222022-04-06+14%3A18%3A34%22%2C+%22hub_name%22%3A+%22b494a82e560c16503c4fad24768c666d-1640746018%22%7D HTTP/1.1" 200 11936
04/06/22, 14:28:13 - DEBUG Starting new HTTP connection (1): paddlepaddle.org.cn:80
04/06/22, 14:28:22 - DEBUG http://paddlepaddle.org.cn:80 "GET /paddlehub/search?word=lac&hub_version=2.2.0&paddle_version=2.2.1&extra=%7B%22command%22%3A+%22update_cache%22%2C+%22mtime%22%3A+%222022-04-06+14%3A28%3A13%22%2C+%22hub_name%22%3A+%22b494a82e560c16503c4fad24768c666d-1640746018%22%7D HTTP/1.1" 301 184
04/06/22, 14:28:29 - DEBUG Starting new HTTPS connection (1): paddlepaddle.org.cn:443
04/06/22, 14:28:35 - DEBUG https://paddlepaddle.org.cn:443 "GET /paddlehub/search?word=lac&hub_version=2.2.0&paddle_version=2.2.1&extra=%7B%22command%22%3A+%22update_cache%22%2C+%22mtime%22%3A+%222022-04-06+14%3A28%3A13%22%2C+%22hub_name%22%3A+%22b494a82e560c16503c4fad24768c666d-1640746018%22%7D HTTP/1.1" 301 169
04/06/22, 14:28:39 - DEBUG Starting new HTTPS connection (1): www.paddlepaddle.org.cn:443
